2025-03-14 10:05:53.590  INFO 5920 --- [restartedMain] com.demo.DemoApplication                 : Starting DemoApplication using Java 17.0.12 on Ange-Euge with PID 5920 (C:\Users\angel\OneDrive\Desktop\demo\target\classes started by angel in C:\Users\angel\OneDrive\Desktop\demo)
2025-03-14 10:05:53.592  INFO 5920 --- [restartedMain] com.demo.DemoApplication                 : The following 1 profile is active: "dev"
2025-03-14 10:05:53.645  INFO 5920 --- [restartedMain] .e.DevToolsPropertyDefaultsPostProcessor : Devtools property defaults active! Set 'spring.devtools.add-properties' to 'false' to disable
2025-03-14 10:05:53.646  INFO 5920 --- [restartedMain] .e.DevToolsPropertyDefaultsPostProcessor : For additional web related logging consider setting the 'logging.level.web' property to 'DEBUG'
2025-03-14 10:05:54.567  INFO 5920 --- [restartedMain] trationDelegate$BeanPostProcessorChecker : Bean 'org.springframework.ws.config.annotation.DelegatingWsConfiguration' of type [org.springframework.ws.config.annotation.DelegatingWsConfiguration$$EnhancerBySpringCGLIB$$b9749526] is not eligible for getting processed by all BeanPostProcessors (for example: not eligible for auto-proxying)
2025-03-14 10:05:54.620  INFO 5920 --- [restartedMain] .w.s.a.s.AnnotationActionEndpointMapping : Supporting [WS-Addressing August 2004, WS-Addressing 1.0]
2025-03-14 10:05:54.938  INFO 5920 --- [restartedMain] o.s.b.w.embedded.tomcat.TomcatWebServer  : Tomcat initialized with port(s): 8000 (http)
2025-03-14 10:05:54.949  INFO 5920 --- [restartedMain] o.apache.catalina.core.StandardService   : Starting service [Tomcat]
2025-03-14 10:05:54.950  INFO 5920 --- [restartedMain] org.apache.catalina.core.StandardEngine  : Starting Servlet engine: [Apache Tomcat/9.0.73]
2025-03-14 10:05:55.054  INFO 5920 --- [restartedMain] o.a.c.c.C.[Tomcat].[localhost].[/]       : Initializing Spring embedded WebApplicationContext
2025-03-14 10:05:55.055  INFO 5920 --- [restartedMain] w.s.c.ServletWebServerApplicationContext : Root WebApplicationContext: initialization completed in 1408 ms
2025-03-14 10:05:55.512  INFO 5920 --- [restartedMain] o.s.ws.soap.saaj.SaajSoapMessageFactory  : Creating SAAJ 1.3 MessageFactory with SOAP 1.1 Protocol
2025-03-14 10:05:55.571  WARN 5920 --- [restartedMain] .s.s.UserDetailsServiceAutoConfiguration : 

Using generated security password: a9e01e2d-f02f-48b2-bc6c-4a9ba9cb5867

This generated password is for development use only. Your security configuration must be updated before running your application in production.

2025-03-14 10:05:55.647  INFO 5920 --- [restartedMain] o.s.s.web.DefaultSecurityFilterChain     : Will secure any request with [org.springframework.security.web.session.DisableEncodeUrlFilter@27a794cf, org.springframework.security.web.context.request.async.WebAsyncManagerIntegrationFilter@2071ce2, org.springframework.security.web.context.SecurityContextPersistenceFilter@4ea3a4ab, org.springframework.security.web.header.HeaderWriterFilter@58197192, org.springframework.web.filter.CorsFilter@1e8d25d9, org.springframework.security.web.authentication.logout.LogoutFilter@5da6d751, org.springframework.security.web.savedrequest.RequestCacheAwareFilter@6fb4cd78, org.springframework.security.web.servletapi.SecurityContextHolderAwareRequestFilter@7dc2b135, org.springframework.security.web.authentication.AnonymousAuthenticationFilter@75a443a3, org.springframework.security.web.session.SessionManagementFilter@139a94b0, org.springframework.security.web.access.ExceptionTranslationFilter@874b12d, org.springframework.security.web.access.intercept.FilterSecurityInterceptor@34061ab6]
2025-03-14 10:05:55.965  INFO 5920 --- [restartedMain] o.s.b.d.a.OptionalLiveReloadServer       : LiveReload server is running on port 35729
2025-03-14 10:05:56.016  INFO 5920 --- [restartedMain] o.s.b.w.embedded.tomcat.TomcatWebServer  : Tomcat started on port(s): 8000 (http) with context path ''
2025-03-14 10:05:56.023  INFO 5920 --- [restartedMain] com.demo.DemoApplication                 : Started DemoApplication in 2.787 seconds (JVM running for 3.188)
2025-03-14 10:08:20.074  INFO 18420 --- [restartedMain] com.demo.DemoApplication                 : Starting DemoApplication using Java 17.0.12 on Ange-Euge with PID 18420 (C:\Users\angel\OneDrive\Desktop\demo\target\classes started by angel in C:\Users\angel\OneDrive\Desktop\demo)
2025-03-14 10:08:20.076  INFO 18420 --- [restartedMain] com.demo.DemoApplication                 : The following 1 profile is active: "dev"
2025-03-14 10:08:20.133  INFO 18420 --- [restartedMain] .e.DevToolsPropertyDefaultsPostProcessor : Devtools property defaults active! Set 'spring.devtools.add-properties' to 'false' to disable
2025-03-14 10:08:20.133  INFO 18420 --- [restartedMain] .e.DevToolsPropertyDefaultsPostProcessor : For additional web related logging consider setting the 'logging.level.web' property to 'DEBUG'
2025-03-14 10:08:21.131  INFO 18420 --- [restartedMain] trationDelegate$BeanPostProcessorChecker : Bean 'org.springframework.ws.config.annotation.DelegatingWsConfiguration' of type [org.springframework.ws.config.annotation.DelegatingWsConfiguration$$EnhancerBySpringCGLIB$$e797ff10] is not eligible for getting processed by all BeanPostProcessors (for example: not eligible for auto-proxying)
2025-03-14 10:08:21.187  INFO 18420 --- [restartedMain] .w.s.a.s.AnnotationActionEndpointMapping : Supporting [WS-Addressing August 2004, WS-Addressing 1.0]
2025-03-14 10:08:21.537  INFO 18420 --- [restartedMain] o.s.b.w.embedded.tomcat.TomcatWebServer  : Tomcat initialized with port(s): 8000 (http)
2025-03-14 10:08:21.548  INFO 18420 --- [restartedMain] o.apache.catalina.core.StandardService   : Starting service [Tomcat]
2025-03-14 10:08:21.549  INFO 18420 --- [restartedMain] org.apache.catalina.core.StandardEngine  : Starting Servlet engine: [Apache Tomcat/9.0.73]
2025-03-14 10:08:21.618  INFO 18420 --- [restartedMain] o.a.c.c.C.[Tomcat].[localhost].[/]       : Initializing Spring embedded WebApplicationContext
2025-03-14 10:08:21.618  INFO 18420 --- [restartedMain] w.s.c.ServletWebServerApplicationContext : Root WebApplicationContext: initialization completed in 1484 ms
2025-03-14 10:08:22.120  INFO 18420 --- [restartedMain] o.s.ws.soap.saaj.SaajSoapMessageFactory  : Creating SAAJ 1.3 MessageFactory with SOAP 1.1 Protocol
2025-03-14 10:08:22.232  WARN 18420 --- [restartedMain] .s.s.UserDetailsServiceAutoConfiguration : 

Using generated security password: 7e168f4e-d7bd-4c1a-ab5a-aa46ce77c013

This generated password is for development use only. Your security configuration must be updated before running your application in production.

2025-03-14 10:08:22.447  INFO 18420 --- [restartedMain] o.s.s.web.DefaultSecurityFilterChain     : Will secure any request with [org.springframework.security.web.session.DisableEncodeUrlFilter@26e01772, org.springframework.security.web.context.request.async.WebAsyncManagerIntegrationFilter@16efe8cc, org.springframework.security.web.context.SecurityContextPersistenceFilter@4471a292, org.springframework.security.web.header.HeaderWriterFilter@184c2292, org.springframework.web.filter.CorsFilter@212b7e3e, org.springframework.security.web.authentication.logout.LogoutFilter@457cabfc, org.springframework.security.web.savedrequest.RequestCacheAwareFilter@537eee92, org.springframework.security.web.servletapi.SecurityContextHolderAwareRequestFilter@6da4ca, org.springframework.security.web.authentication.AnonymousAuthenticationFilter@1874bb94, org.springframework.security.web.session.SessionManagementFilter@2097e358, org.springframework.security.web.access.ExceptionTranslationFilter@4e89caa3, org.springframework.security.web.access.intercept.FilterSecurityInterceptor@22973e36]
2025-03-14 10:08:22.891  INFO 18420 --- [restartedMain] o.s.b.d.a.OptionalLiveReloadServer       : LiveReload server is running on port 35729
2025-03-14 10:08:22.942  INFO 18420 --- [restartedMain] o.s.b.w.embedded.tomcat.TomcatWebServer  : Tomcat started on port(s): 8000 (http) with context path ''
2025-03-14 10:08:22.952  INFO 18420 --- [restartedMain] com.demo.DemoApplication                 : Started DemoApplication in 3.292 seconds (JVM running for 3.729)
2025-03-14 10:08:27.319  INFO 18420 --- [http-nio-8000-exec-2] o.a.c.c.C.[Tomcat].[localhost].[/]       : Initializing Spring DispatcherServlet 'dispatcherServlet'
2025-03-14 10:08:27.320  INFO 18420 --- [http-nio-8000-exec-2] o.s.web.servlet.DispatcherServlet        : Initializing Servlet 'dispatcherServlet'
2025-03-14 10:08:27.321  INFO 18420 --- [http-nio-8000-exec-2] o.s.web.servlet.DispatcherServlet        : Completed initialization in 1 ms
2025-03-14 10:11:34.297  INFO 8996 --- [restartedMain] com.demo.DemoApplication                 : Starting DemoApplication using Java 17.0.12 on Ange-Euge with PID 8996 (C:\Users\angel\OneDrive\Desktop\demo\target\classes started by angel in C:\Users\angel\OneDrive\Desktop\demo)
2025-03-14 10:11:34.300  INFO 8996 --- [restartedMain] com.demo.DemoApplication                 : The following 1 profile is active: "dev"
2025-03-14 10:11:34.412  INFO 8996 --- [restartedMain] .e.DevToolsPropertyDefaultsPostProcessor : Devtools property defaults active! Set 'spring.devtools.add-properties' to 'false' to disable
2025-03-14 10:11:34.412  INFO 8996 --- [restartedMain] .e.DevToolsPropertyDefaultsPostProcessor : For additional web related logging consider setting the 'logging.level.web' property to 'DEBUG'
2025-03-14 10:11:36.676  INFO 8996 --- [restartedMain] trationDelegate$BeanPostProcessorChecker : Bean 'org.springframework.ws.config.annotation.DelegatingWsConfiguration' of type [org.springframework.ws.config.annotation.DelegatingWsConfiguration$$EnhancerBySpringCGLIB$$cf3dfe0a] is not eligible for getting processed by all BeanPostProcessors (for example: not eligible for auto-proxying)
2025-03-14 10:11:36.834  INFO 8996 --- [restartedMain] .w.s.a.s.AnnotationActionEndpointMapping : Supporting [WS-Addressing August 2004, WS-Addressing 1.0]
2025-03-14 10:11:37.621  INFO 8996 --- [restartedMain] o.s.b.w.embedded.tomcat.TomcatWebServer  : Tomcat initialized with port(s): 8000 (http)
2025-03-14 10:11:37.644  INFO 8996 --- [restartedMain] o.apache.catalina.core.StandardService   : Starting service [Tomcat]
2025-03-14 10:11:37.645  INFO 8996 --- [restartedMain] org.apache.catalina.core.StandardEngine  : Starting Servlet engine: [Apache Tomcat/9.0.73]
2025-03-14 10:11:37.805  INFO 8996 --- [restartedMain] o.a.c.c.C.[Tomcat].[localhost].[/]       : Initializing Spring embedded WebApplicationContext
2025-03-14 10:11:37.805  INFO 8996 --- [restartedMain] w.s.c.ServletWebServerApplicationContext : Root WebApplicationContext: initialization completed in 3391 ms
2025-03-14 10:11:39.075  INFO 8996 --- [restartedMain] o.s.ws.soap.saaj.SaajSoapMessageFactory  : Creating SAAJ 1.3 MessageFactory with SOAP 1.1 Protocol
2025-03-14 10:11:39.190  WARN 8996 --- [restartedMain] .s.s.UserDetailsServiceAutoConfiguration : 

Using generated security password: cef2f056-34cf-4eb2-92d8-5e073f84ceb8

This generated password is for development use only. Your security configuration must be updated before running your application in production.

2025-03-14 10:11:39.401  INFO 8996 --- [restartedMain] o.s.s.web.DefaultSecurityFilterChain     : Will secure any request with [org.springframework.security.web.session.DisableEncodeUrlFilter@64d66aeb, org.springframework.security.web.context.request.async.WebAsyncManagerIntegrationFilter@45fa7909, org.springframework.security.web.context.SecurityContextPersistenceFilter@665340f6, org.springframework.security.web.header.HeaderWriterFilter@64f6fc01, org.springframework.web.filter.CorsFilter@65759ab5, org.springframework.security.web.authentication.logout.LogoutFilter@63b8036f, org.springframework.security.web.savedrequest.RequestCacheAwareFilter@2a911733, org.springframework.security.web.servletapi.SecurityContextHolderAwareRequestFilter@7b50961d, org.springframework.security.web.authentication.AnonymousAuthenticationFilter@2330bf05, org.springframework.security.web.session.SessionManagementFilter@10da5404, org.springframework.security.web.access.ExceptionTranslationFilter@61fb0111, org.springframework.security.web.access.intercept.FilterSecurityInterceptor@2e79567f]
2025-03-14 10:11:39.917  INFO 8996 --- [restartedMain] o.s.b.d.a.OptionalLiveReloadServer       : LiveReload server is running on port 35729
2025-03-14 10:11:39.976  INFO 8996 --- [restartedMain] o.s.b.w.embedded.tomcat.TomcatWebServer  : Tomcat started on port(s): 8000 (http) with context path ''
2025-03-14 10:11:39.988  INFO 8996 --- [restartedMain] com.demo.DemoApplication                 : Started DemoApplication in 6.64 seconds (JVM running for 7.532)
2025-03-14 10:11:40.274  INFO 8996 --- [http-nio-8000-exec-1] o.a.c.c.C.[Tomcat].[localhost].[/]       : Initializing Spring DispatcherServlet 'dispatcherServlet'
2025-03-14 10:11:40.274  INFO 8996 --- [http-nio-8000-exec-1] o.s.web.servlet.DispatcherServlet        : Initializing Servlet 'dispatcherServlet'
2025-03-14 10:11:40.275  INFO 8996 --- [http-nio-8000-exec-1] o.s.web.servlet.DispatcherServlet        : Completed initialization in 0 ms
2025-03-14 10:15:18.574  WARN 8996 --- [http-nio-8000-exec-10] .m.m.a.ExceptionHandlerExceptionResolver : Resolved [org.springframework.http.converter.HttpMessageNotReadableException: JSON parse error: Unexpected character ('}' (code 125)): expected a value; nested exception is com.fasterxml.jackson.core.JsonParseException: Unexpected character ('}' (code 125)): expected a value<EOL> at [Source: (org.springframework.util.StreamUtils$NonClosingInputStream); line: 5, column: 2]]
2025-03-14 10:15:25.138  WARN 8996 --- [http-nio-8000-exec-2] .m.m.a.ExceptionHandlerExceptionResolver : Resolved [org.springframework.web.bind.MethodArgumentNotValidException: Validation failed for argument [0] in public org.springframework.http.ResponseEntity<com.demo.response.ServiceResponse> com.demo.controller.Controller.loginClient(com.demo.request.LoginRequest) throws java.lang.Exception: [Field error in object 'loginRequest' on field 'serialNumber': rejected value [8]; codes [Min.loginRequest.serialNumber,Min.serialNumber,Min.java.lang.Long,Min]; arguments [org.springframework.context.support.DefaultMessageSourceResolvable: codes [loginRequest.serialNumber,serialNumber]; arguments []; default message [serialNumber],10]; default message [El número de serie debe tener al menos 2 dígitos.]] ]
2025-03-14 10:16:15.150  WARN 8996 --- [http-nio-8000-exec-1] .m.m.a.ExceptionHandlerExceptionResolver : Resolved [org.springframework.http.converter.HttpMessageNotReadableException: JSON parse error: Unexpected character (',' (code 44)): expected a value; nested exception is com.fasterxml.jackson.core.JsonParseException: Unexpected character (',' (code 44)): expected a value<EOL> at [Source: (org.springframework.util.StreamUtils$NonClosingInputStream); line: 2, column: 17]]
2025-03-14 10:16:29.879  WARN 8996 --- [http-nio-8000-exec-6] .m.m.a.ExceptionHandlerExceptionResolver : Resolved [org.springframework.web.bind.MethodArgumentNotValidException: Validation failed for argument [0] in public org.springframework.http.ResponseEntity<com.demo.response.ServiceResponse> com.demo.controller.Controller.sendSale(com.demo.request.SaleRequest) throws java.lang.Exception: [Field error in object 'saleRequest' on field 'notes': rejected value [ssssssssssssssssssssssssssssssssssssssssssssssssssssssssssssssssssssssssssssssssssssssssssssssssssssssssssssssssssssssssssssssssssssssssssssssssssssssssssssssssssssssssssssssssssssssssssssssss]; codes [Size.saleRequest.notes,Size.notes,Size.java.lang.String,Size]; arguments [org.springframework.context.support.DefaultMessageSourceResolvable: codes [saleRequest.notes,notes]; arguments []; default message [notes],30,5]; default message [El campo 'notes' debe tener entre 5 y 30 caracteres.]] ]
2025-03-14 10:16:34.832  WARN 8996 --- [http-nio-8000-exec-7] .m.m.a.ExceptionHandlerExceptionResolver : Resolved [org.springframework.web.bind.MethodArgumentNotValidException: Validation failed for argument [0] in public org.springframework.http.ResponseEntity<com.demo.response.ServiceResponse> com.demo.controller.Controller.sendSale(com.demo.request.SaleRequest) throws java.lang.Exception: [Field error in object 'saleRequest' on field 'notes': rejected value []; codes [Size.saleRequest.notes,Size.notes,Size.java.lang.String,Size]; arguments [org.springframework.context.support.DefaultMessageSourceResolvable: codes [saleRequest.notes,notes]; arguments []; default message [notes],30,5]; default message [El campo 'notes' debe tener entre 5 y 30 caracteres.]] ]
2025-03-14 10:17:29.367  INFO 2212 --- [restartedMain] com.demo.DemoApplication                 : Starting DemoApplication using Java 17.0.12 on Ange-Euge with PID 2212 (C:\Users\angel\OneDrive\Desktop\demo\target\classes started by angel in C:\Users\angel\OneDrive\Desktop\demo)
2025-03-14 10:17:29.367  INFO 2212 --- [restartedMain] com.demo.DemoApplication                 : The following 1 profile is active: "dev"
2025-03-14 10:17:29.458  INFO 2212 --- [restartedMain] .e.DevToolsPropertyDefaultsPostProcessor : Devtools property defaults active! Set 'spring.devtools.add-properties' to 'false' to disable
2025-03-14 10:17:29.458  INFO 2212 --- [restartedMain] .e.DevToolsPropertyDefaultsPostProcessor : For additional web related logging consider setting the 'logging.level.web' property to 'DEBUG'
2025-03-14 10:17:30.801  INFO 2212 --- [restartedMain] trationDelegate$BeanPostProcessorChecker : Bean 'org.springframework.ws.config.annotation.DelegatingWsConfiguration' of type [org.springframework.ws.config.annotation.DelegatingWsConfiguration$$EnhancerBySpringCGLIB$$5b161192] is not eligible for getting processed by all BeanPostProcessors (for example: not eligible for auto-proxying)
2025-03-14 10:17:30.889  INFO 2212 --- [restartedMain] .w.s.a.s.AnnotationActionEndpointMapping : Supporting [WS-Addressing August 2004, WS-Addressing 1.0]
2025-03-14 10:17:31.386  INFO 2212 --- [restartedMain] o.s.b.w.embedded.tomcat.TomcatWebServer  : Tomcat initialized with port(s): 8000 (http)
2025-03-14 10:17:31.397  INFO 2212 --- [restartedMain] o.apache.catalina.core.StandardService   : Starting service [Tomcat]
2025-03-14 10:17:31.406  INFO 2212 --- [restartedMain] org.apache.catalina.core.StandardEngine  : Starting Servlet engine: [Apache Tomcat/9.0.73]
2025-03-14 10:17:31.490  INFO 2212 --- [restartedMain] o.a.c.c.C.[Tomcat].[localhost].[/]       : Initializing Spring embedded WebApplicationContext
2025-03-14 10:17:31.490  INFO 2212 --- [restartedMain] w.s.c.ServletWebServerApplicationContext : Root WebApplicationContext: initialization completed in 2032 ms
2025-03-14 10:17:32.267  INFO 2212 --- [restartedMain] o.s.ws.soap.saaj.SaajSoapMessageFactory  : Creating SAAJ 1.3 MessageFactory with SOAP 1.1 Protocol
2025-03-14 10:17:32.394  WARN 2212 --- [restartedMain] .s.s.UserDetailsServiceAutoConfiguration : 

Using generated security password: 0dc5b0b6-6697-41b2-a8f0-8a98425ab8bb

This generated password is for development use only. Your security configuration must be updated before running your application in production.

2025-03-14 10:17:32.548  INFO 2212 --- [restartedMain] o.s.s.web.DefaultSecurityFilterChain     : Will secure any request with [org.springframework.security.web.session.DisableEncodeUrlFilter@4753acb, org.springframework.security.web.context.request.async.WebAsyncManagerIntegrationFilter@15635d93, org.springframework.security.web.context.SecurityContextPersistenceFilter@71b9c395, org.springframework.security.web.header.HeaderWriterFilter@f9d1838, org.springframework.web.filter.CorsFilter@62f6519f, org.springframework.security.web.authentication.logout.LogoutFilter@91627c5, org.springframework.security.web.savedrequest.RequestCacheAwareFilter@541df5fb, org.springframework.security.web.servletapi.SecurityContextHolderAwareRequestFilter@77dc442c, org.springframework.security.web.authentication.AnonymousAuthenticationFilter@2d6032c3, org.springframework.security.web.session.SessionManagementFilter@159f9b30, org.springframework.security.web.access.ExceptionTranslationFilter@726fff8, org.springframework.security.web.access.intercept.FilterSecurityInterceptor@5c84dad0]
2025-03-14 10:17:33.125  INFO 2212 --- [restartedMain] o.s.b.d.a.OptionalLiveReloadServer       : LiveReload server is running on port 35729
2025-03-14 10:17:33.193  INFO 2212 --- [restartedMain] o.s.b.w.embedded.tomcat.TomcatWebServer  : Tomcat started on port(s): 8000 (http) with context path ''
2025-03-14 10:17:33.211  INFO 2212 --- [restartedMain] com.demo.DemoApplication                 : Started DemoApplication in 4.394 seconds (JVM running for 4.95)
2025-03-14 10:17:36.173  INFO 2212 --- [http-nio-8000-exec-1] o.a.c.c.C.[Tomcat].[localhost].[/]       : Initializing Spring DispatcherServlet 'dispatcherServlet'
2025-03-14 10:17:36.174  INFO 2212 --- [http-nio-8000-exec-1] o.s.web.servlet.DispatcherServlet        : Initializing Servlet 'dispatcherServlet'
2025-03-14 10:17:36.175  INFO 2212 --- [http-nio-8000-exec-1] o.s.web.servlet.DispatcherServlet        : Completed initialization in 1 ms
2025-03-14 10:17:36.302  WARN 2212 --- [http-nio-8000-exec-1] .m.m.a.ExceptionHandlerExceptionResolver : Resolved [org.springframework.web.bind.MethodArgumentNotValidException: Validation failed for argument [0] in public org.springframework.http.ResponseEntity<com.demo.response.ServiceResponse> com.demo.controller.Controller.sendSale(com.demo.request.SaleRequest) throws java.lang.Exception: [Field error in object 'saleRequest' on field 'notes': rejected value [ssssssssssssssssssssssssssssssssssssssssssssssss]; codes [Size.saleRequest.notes,Size.notes,Size.java.lang.String,Size]; arguments [org.springframework.context.support.DefaultMessageSourceResolvable: codes [saleRequest.notes,notes]; arguments []; default message [notes],30,5]; default message [El campo 'notes' debe tener entre 5 y 30 caracteres.]] ]
2025-03-14 10:17:37.751  WARN 2212 --- [http-nio-8000-exec-4] .m.m.a.ExceptionHandlerExceptionResolver : Resolved [org.springframework.web.bind.MethodArgumentNotValidException: Validation failed for argument [0] in public org.springframework.http.ResponseEntity<com.demo.response.ServiceResponse> com.demo.controller.Controller.sendSale(com.demo.request.SaleRequest) throws java.lang.Exception: [Field error in object 'saleRequest' on field 'notes': rejected value [ssssssssssssssssssssssssssssssssssssssssssssssss]; codes [Size.saleRequest.notes,Size.notes,Size.java.lang.String,Size]; arguments [org.springframework.context.support.DefaultMessageSourceResolvable: codes [saleRequest.notes,notes]; arguments []; default message [notes],30,5]; default message [El campo 'notes' debe tener entre 5 y 30 caracteres.]] ]
2025-03-14 10:17:38.772  WARN 2212 --- [http-nio-8000-exec-6] .m.m.a.ExceptionHandlerExceptionResolver : Resolved [org.springframework.web.bind.MethodArgumentNotValidException: Validation failed for argument [0] in public org.springframework.http.ResponseEntity<com.demo.response.ServiceResponse> com.demo.controller.Controller.sendSale(com.demo.request.SaleRequest) throws java.lang.Exception: [Field error in object 'saleRequest' on field 'notes': rejected value [ssssssssssssssssssssssssssssssssssssssssssssssss]; codes [Size.saleRequest.notes,Size.notes,Size.java.lang.String,Size]; arguments [org.springframework.context.support.DefaultMessageSourceResolvable: codes [saleRequest.notes,notes]; arguments []; default message [notes],30,5]; default message [El campo 'notes' debe tener entre 5 y 30 caracteres.]] ]
2025-03-14 10:17:39.846  WARN 2212 --- [http-nio-8000-exec-8] .m.m.a.ExceptionHandlerExceptionResolver : Resolved [org.springframework.web.bind.MethodArgumentNotValidException: Validation failed for argument [0] in public org.springframework.http.ResponseEntity<com.demo.response.ServiceResponse> com.demo.controller.Controller.sendSale(com.demo.request.SaleRequest) throws java.lang.Exception: [Field error in object 'saleRequest' on field 'notes': rejected value [ssssssssssssssssssssssssssssssssssssssssssssssss]; codes [Size.saleRequest.notes,Size.notes,Size.java.lang.String,Size]; arguments [org.springframework.context.support.DefaultMessageSourceResolvable: codes [saleRequest.notes,notes]; arguments []; default message [notes],30,5]; default message [El campo 'notes' debe tener entre 5 y 30 caracteres.]] ]
2025-03-14 10:18:12.363  INFO 14220 --- [main] com.demo.DemoApplicationTests            : Starting DemoApplicationTests using Java 17.0.12 on Ange-Euge with PID 14220 (started by angel in C:\Users\angel\OneDrive\Desktop\demo)
2025-03-14 10:18:12.367  INFO 14220 --- [main] com.demo.DemoApplicationTests            : The following 1 profile is active: "dev"
2025-03-14 10:18:14.028  INFO 14220 --- [main] trationDelegate$BeanPostProcessorChecker : Bean 'org.springframework.ws.config.annotation.DelegatingWsConfiguration' of type [org.springframework.ws.config.annotation.DelegatingWsConfiguration$$EnhancerBySpringCGLIB$$50490c9c] is not eligible for getting processed by all BeanPostProcessors (for example: not eligible for auto-proxying)
2025-03-14 10:18:14.094  INFO 14220 --- [main] .w.s.a.s.AnnotationActionEndpointMapping : Supporting [WS-Addressing August 2004, WS-Addressing 1.0]
2025-03-14 10:18:14.976  INFO 14220 --- [main] o.s.ws.soap.saaj.SaajSoapMessageFactory  : Creating SAAJ 1.3 MessageFactory with SOAP 1.1 Protocol
2025-03-14 10:18:15.269  WARN 14220 --- [main] .s.s.UserDetailsServiceAutoConfiguration : 

Using generated security password: 95842777-7224-4dd6-8b98-56c505a7a700

This generated password is for development use only. Your security configuration must be updated before running your application in production.

2025-03-14 10:18:15.442  INFO 14220 --- [main] o.s.s.web.DefaultSecurityFilterChain     : Will secure any request with [org.springframework.security.web.session.DisableEncodeUrlFilter@335f5c69, org.springframework.security.web.context.request.async.WebAsyncManagerIntegrationFilter@63fd4dda, org.springframework.security.web.context.SecurityContextPersistenceFilter@2ad99cf3, org.springframework.security.web.header.HeaderWriterFilter@317890ea, org.springframework.web.filter.CorsFilter@1d6751e3, org.springframework.security.web.authentication.logout.LogoutFilter@6b2dd3df, org.springframework.security.web.savedrequest.RequestCacheAwareFilter@5d7911d5, org.springframework.security.web.servletapi.SecurityContextHolderAwareRequestFilter@3ba1308d, org.springframework.security.web.authentication.AnonymousAuthenticationFilter@2d258eff, org.springframework.security.web.session.SessionManagementFilter@456f7d9e, org.springframework.security.web.access.ExceptionTranslationFilter@2c26ba07, org.springframework.security.web.access.intercept.FilterSecurityInterceptor@69364b2d]
2025-03-14 10:18:16.520  INFO 14220 --- [main] com.demo.DemoApplicationTests            : Started DemoApplicationTests in 4.649 seconds (JVM running for 5.765)
2025-03-14 10:23:17.848  INFO 8776 --- [restartedMain] com.demo.DemoApplication                 : Starting DemoApplication using Java 17.0.12 on Ange-Euge with PID 8776 (C:\Users\angel\OneDrive\Desktop\demo\target\classes started by angel in C:\Users\angel\OneDrive\Desktop\demo)
2025-03-14 10:23:17.850  INFO 8776 --- [restartedMain] com.demo.DemoApplication                 : The following 1 profile is active: "dev"
2025-03-14 10:23:17.921  INFO 8776 --- [restartedMain] .e.DevToolsPropertyDefaultsPostProcessor : Devtools property defaults active! Set 'spring.devtools.add-properties' to 'false' to disable
2025-03-14 10:23:17.921  INFO 8776 --- [restartedMain] .e.DevToolsPropertyDefaultsPostProcessor : For additional web related logging consider setting the 'logging.level.web' property to 'DEBUG'
2025-03-14 10:23:19.259  INFO 8776 --- [restartedMain] trationDelegate$BeanPostProcessorChecker : Bean 'org.springframework.ws.config.annotation.DelegatingWsConfiguration' of type [org.springframework.ws.config.annotation.DelegatingWsConfiguration$$EnhancerBySpringCGLIB$$b9749526] is not eligible for getting processed by all BeanPostProcessors (for example: not eligible for auto-proxying)
2025-03-14 10:23:19.317  INFO 8776 --- [restartedMain] .w.s.a.s.AnnotationActionEndpointMapping : Supporting [WS-Addressing August 2004, WS-Addressing 1.0]
2025-03-14 10:23:20.442  INFO 8776 --- [restartedMain] o.s.b.w.embedded.tomcat.TomcatWebServer  : Tomcat initialized with port(s): 8000 (http)
2025-03-14 10:23:20.463  INFO 8776 --- [restartedMain] o.apache.catalina.core.StandardService   : Starting service [Tomcat]
2025-03-14 10:23:20.464  INFO 8776 --- [restartedMain] org.apache.catalina.core.StandardEngine  : Starting Servlet engine: [Apache Tomcat/9.0.73]
2025-03-14 10:23:20.597  INFO 8776 --- [restartedMain] o.a.c.c.C.[Tomcat].[localhost].[/]       : Initializing Spring embedded WebApplicationContext
2025-03-14 10:23:20.598  INFO 8776 --- [restartedMain] w.s.c.ServletWebServerApplicationContext : Root WebApplicationContext: initialization completed in 2676 ms
2025-03-14 10:23:21.916  INFO 8776 --- [restartedMain] o.s.ws.soap.saaj.SaajSoapMessageFactory  : Creating SAAJ 1.3 MessageFactory with SOAP 1.1 Protocol
2025-03-14 10:23:22.001  WARN 8776 --- [restartedMain] .s.s.UserDetailsServiceAutoConfiguration : 

Using generated security password: 56d20197-9473-42e9-9a0d-57b80cfd3888

This generated password is for development use only. Your security configuration must be updated before running your application in production.

2025-03-14 10:23:22.116  INFO 8776 --- [restartedMain] o.s.s.web.DefaultSecurityFilterChain     : Will secure any request with [org.springframework.security.web.session.DisableEncodeUrlFilter@3dfac70c, org.springframework.security.web.context.request.async.WebAsyncManagerIntegrationFilter@27a794cf, org.springframework.security.web.context.SecurityContextPersistenceFilter@5dc9f5be, org.springframework.security.web.header.HeaderWriterFilter@7c445cf2, org.springframework.web.filter.CorsFilter@2071ce2, org.springframework.security.web.authentication.logout.LogoutFilter@523c6a2, org.springframework.security.web.savedrequest.RequestCacheAwareFilter@9db86db, org.springframework.security.web.servletapi.SecurityContextHolderAwareRequestFilter@6fb4cd78, org.springframework.security.web.authentication.AnonymousAuthenticationFilter@1e8d25d9, org.springframework.security.web.session.SessionManagementFilter@39a55b8f, org.springframework.security.web.access.ExceptionTranslationFilter@1f8fc1d3, org.springframework.security.web.access.intercept.FilterSecurityInterceptor@43abe377]
2025-03-14 10:23:22.593  INFO 8776 --- [restartedMain] o.s.b.d.a.OptionalLiveReloadServer       : LiveReload server is running on port 35729
2025-03-14 10:23:22.620  WARN 8776 --- [restartedMain] ConfigServletWebServerApplicationContext : Exception encountered during context initialization - cancelling refresh attempt: org.springframework.context.ApplicationContextException: Failed to start bean 'webServerStartStop'; nested exception is org.springframework.boot.web.server.PortInUseException: Port 8000 is already in use
2025-03-14 10:23:22.626  INFO 8776 --- [restartedMain] o.apache.catalina.core.StandardService   : Stopping service [Tomcat]
2025-03-14 10:23:22.650  INFO 8776 --- [restartedMain] ConditionEvaluationReportLoggingListener : 

Error starting ApplicationContext. To display the conditions report re-run your application with 'debug' enabled.
2025-03-14 10:23:22.679 ERROR 8776 --- [restartedMain] o.s.b.d.LoggingFailureAnalysisReporter   : 

***************************
APPLICATION FAILED TO START
***************************

Description:

Web server failed to start. Port 8000 was already in use.

Action:

Identify and stop the process that's listening on port 8000 or configure this application to listen on another port.

2025-03-14 10:24:52.149  INFO 17352 --- [restartedMain] com.demo.DemoApplication                 : Starting DemoApplication using Java 17.0.12 on Ange-Euge with PID 17352 (C:\Users\angel\OneDrive\Desktop\demo\target\classes started by angel in C:\Users\angel\OneDrive\Desktop\demo)
2025-03-14 10:24:52.151  INFO 17352 --- [restartedMain] com.demo.DemoApplication                 : The following 1 profile is active: "dev"
2025-03-14 10:24:52.203  INFO 17352 --- [restartedMain] .e.DevToolsPropertyDefaultsPostProcessor : Devtools property defaults active! Set 'spring.devtools.add-properties' to 'false' to disable
2025-03-14 10:24:52.204  INFO 17352 --- [restartedMain] .e.DevToolsPropertyDefaultsPostProcessor : For additional web related logging consider setting the 'logging.level.web' property to 'DEBUG'
2025-03-14 10:24:53.022  INFO 17352 --- [restartedMain] trationDelegate$BeanPostProcessorChecker : Bean 'org.springframework.ws.config.annotation.DelegatingWsConfiguration' of type [org.springframework.ws.config.annotation.DelegatingWsConfiguration$$EnhancerBySpringCGLIB$$94420342] is not eligible for getting processed by all BeanPostProcessors (for example: not eligible for auto-proxying)
2025-03-14 10:24:53.068  INFO 17352 --- [restartedMain] .w.s.a.s.AnnotationActionEndpointMapping : Supporting [WS-Addressing August 2004, WS-Addressing 1.0]
2025-03-14 10:24:53.342  INFO 17352 --- [restartedMain] o.s.b.w.embedded.tomcat.TomcatWebServer  : Tomcat initialized with port(s): 8000 (http)
2025-03-14 10:24:53.349  INFO 17352 --- [restartedMain] o.apache.catalina.core.StandardService   : Starting service [Tomcat]
2025-03-14 10:24:53.351  INFO 17352 --- [restartedMain] org.apache.catalina.core.StandardEngine  : Starting Servlet engine: [Apache Tomcat/9.0.73]
2025-03-14 10:24:53.408  INFO 17352 --- [restartedMain] o.a.c.c.C.[Tomcat].[localhost].[/]       : Initializing Spring embedded WebApplicationContext
2025-03-14 10:24:53.409  INFO 17352 --- [restartedMain] w.s.c.ServletWebServerApplicationContext : Root WebApplicationContext: initialization completed in 1204 ms
2025-03-14 10:24:53.812  INFO 17352 --- [restartedMain] o.s.ws.soap.saaj.SaajSoapMessageFactory  : Creating SAAJ 1.3 MessageFactory with SOAP 1.1 Protocol
2025-03-14 10:24:53.861  WARN 17352 --- [restartedMain] .s.s.UserDetailsServiceAutoConfiguration : 

Using generated security password: de3c8a16-aeb9-45c7-870f-177cec5ad9d4

This generated password is for development use only. Your security configuration must be updated before running your application in production.

2025-03-14 10:24:53.936  INFO 17352 --- [restartedMain] o.s.s.web.DefaultSecurityFilterChain     : Will secure any request with [org.springframework.security.web.session.DisableEncodeUrlFilter@6c6b268a, org.springframework.security.web.context.request.async.WebAsyncManagerIntegrationFilter@43abe377, org.springframework.security.web.context.SecurityContextPersistenceFilter@75302a61, org.springframework.security.web.header.HeaderWriterFilter@30790a49, org.springframework.web.filter.CorsFilter@34061ab6, org.springframework.security.web.authentication.logout.LogoutFilter@1cbf4083, org.springframework.security.web.savedrequest.RequestCacheAwareFilter@55ffed56, org.springframework.security.web.servletapi.SecurityContextHolderAwareRequestFilter@adb121, org.springframework.security.web.authentication.AnonymousAuthenticationFilter@745e3f82, org.springframework.security.web.session.SessionManagementFilter@4a54ec6b, org.springframework.security.web.access.ExceptionTranslationFilter@453da11, org.springframework.security.web.access.intercept.FilterSecurityInterceptor@7ee83012]
2025-03-14 10:24:54.241  INFO 17352 --- [restartedMain] o.s.b.d.a.OptionalLiveReloadServer       : LiveReload server is running on port 35729
2025-03-14 10:24:54.281  INFO 17352 --- [restartedMain] o.s.b.w.embedded.tomcat.TomcatWebServer  : Tomcat started on port(s): 8000 (http) with context path ''
2025-03-14 10:24:54.288  INFO 17352 --- [restartedMain] com.demo.DemoApplication                 : Started DemoApplication in 2.475 seconds (JVM running for 2.865)
2025-03-14 10:24:56.320  INFO 17352 --- [http-nio-8000-exec-2] o.a.c.c.C.[Tomcat].[localhost].[/]       : Initializing Spring DispatcherServlet 'dispatcherServlet'
2025-03-14 10:24:56.321  INFO 17352 --- [http-nio-8000-exec-2] o.s.web.servlet.DispatcherServlet        : Initializing Servlet 'dispatcherServlet'
2025-03-14 10:24:56.322  INFO 17352 --- [http-nio-8000-exec-2] o.s.web.servlet.DispatcherServlet        : Completed initialization in 1 ms
2025-03-14 10:24:56.456  WARN 17352 --- [http-nio-8000-exec-2] .m.m.a.ExceptionHandlerExceptionResolver : Resolved [org.springframework.web.bind.MethodArgumentNotValidException: Validation failed for argument [0] in public org.springframework.http.ResponseEntity<com.demo.response.ServiceResponse> com.demo.controller.Controller.sendSale(com.demo.request.SaleRequest) throws java.lang.Exception: [Field error in object 'saleRequest' on field 'notes': rejected value [ssssssssssssssssssssssssssssssssssssssssssssssss]; codes [Size.saleRequest.notes,Size.notes,Size.java.lang.String,Size]; arguments [org.springframework.context.support.DefaultMessageSourceResolvable: codes [saleRequest.notes,notes]; arguments []; default message [notes],30,5]; default message [El campo 'notes' debe tener entre 5 y 30 caracteres.]] ]
2025-03-14 10:24:57.469  WARN 17352 --- [http-nio-8000-exec-4] .m.m.a.ExceptionHandlerExceptionResolver : Resolved [org.springframework.web.bind.MethodArgumentNotValidException: Validation failed for argument [0] in public org.springframework.http.ResponseEntity<com.demo.response.ServiceResponse> com.demo.controller.Controller.sendSale(com.demo.request.SaleRequest) throws java.lang.Exception: [Field error in object 'saleRequest' on field 'notes': rejected value [ssssssssssssssssssssssssssssssssssssssssssssssss]; codes [Size.saleRequest.notes,Size.notes,Size.java.lang.String,Size]; arguments [org.springframework.context.support.DefaultMessageSourceResolvable: codes [saleRequest.notes,notes]; arguments []; default message [notes],30,5]; default message [El campo 'notes' debe tener entre 5 y 30 caracteres.]] ]
2025-03-14 10:26:35.706  INFO 19588 --- [main] com.demo.DemoApplicationTests            : Starting DemoApplicationTests using Java 17.0.12 on Ange-Euge with PID 19588 (started by angel in C:\Users\angel\OneDrive\Desktop\demo)
2025-03-14 10:26:35.709  INFO 19588 --- [main] com.demo.DemoApplicationTests            : The following 1 profile is active: "dev"
2025-03-14 10:26:40.294  INFO 19588 --- [main] trationDelegate$BeanPostProcessorChecker : Bean 'org.springframework.ws.config.annotation.DelegatingWsConfiguration' of type [org.springframework.ws.config.annotation.DelegatingWsConfiguration$$EnhancerBySpringCGLIB$$d70f01fd] is not eligible for getting processed by all BeanPostProcessors (for example: not eligible for auto-proxying)
2025-03-14 10:26:40.394  INFO 19588 --- [main] .w.s.a.s.AnnotationActionEndpointMapping : Supporting [WS-Addressing August 2004, WS-Addressing 1.0]
2025-03-14 10:26:41.842  INFO 19588 --- [main] o.s.ws.soap.saaj.SaajSoapMessageFactory  : Creating SAAJ 1.3 MessageFactory with SOAP 1.1 Protocol
2025-03-14 10:26:42.353  WARN 19588 --- [main] .s.s.UserDetailsServiceAutoConfiguration : 

Using generated security password: f3e666f8-3287-4d44-a5ff-323c2df8cbe5

This generated password is for development use only. Your security configuration must be updated before running your application in production.

2025-03-14 10:26:42.622  INFO 19588 --- [main] o.s.s.web.DefaultSecurityFilterChain     : Will secure any request with [org.springframework.security.web.session.DisableEncodeUrlFilter@5b1efaaf, org.springframework.security.web.context.request.async.WebAsyncManagerIntegrationFilter@27585351, org.springframework.security.web.context.SecurityContextPersistenceFilter@6ad1701a, org.springframework.security.web.header.HeaderWriterFilter@2dafae61, org.springframework.web.filter.CorsFilter@2de6f1bc, org.springframework.security.web.authentication.logout.LogoutFilter@dd3f8aa, org.springframework.security.web.savedrequest.RequestCacheAwareFilter@100ad67e, org.springframework.security.web.servletapi.SecurityContextHolderAwareRequestFilter@713a35c5, org.springframework.security.web.authentication.AnonymousAuthenticationFilter@5b35c7d, org.springframework.security.web.session.SessionManagementFilter@202d9236, org.springframework.security.web.access.ExceptionTranslationFilter@315c081, org.springframework.security.web.access.intercept.FilterSecurityInterceptor@4ef4f627]
2025-03-14 10:26:43.925  INFO 19588 --- [main] com.demo.DemoApplicationTests            : Started DemoApplicationTests in 8.859 seconds (JVM running for 10.232)
2025-03-14 10:27:13.909  INFO 2144 --- [restartedMain] com.demo.DemoApplication                 : Starting DemoApplication using Java 17.0.12 on Ange-Euge with PID 2144 (C:\Users\angel\OneDrive\Desktop\demo\target\classes started by angel in C:\Users\angel\OneDrive\Desktop\demo)
2025-03-14 10:27:13.910  INFO 2144 --- [restartedMain] com.demo.DemoApplication                 : The following 1 profile is active: "dev"
2025-03-14 10:27:13.959  INFO 2144 --- [restartedMain] .e.DevToolsPropertyDefaultsPostProcessor : Devtools property defaults active! Set 'spring.devtools.add-properties' to 'false' to disable
2025-03-14 10:27:13.959  INFO 2144 --- [restartedMain] .e.DevToolsPropertyDefaultsPostProcessor : For additional web related logging consider setting the 'logging.level.web' property to 'DEBUG'
2025-03-14 10:27:15.050  INFO 2144 --- [restartedMain] trationDelegate$BeanPostProcessorChecker : Bean 'org.springframework.ws.config.annotation.DelegatingWsConfiguration' of type [org.springframework.ws.config.annotation.DelegatingWsConfiguration$$EnhancerBySpringCGLIB$$e20f7602] is not eligible for getting processed by all BeanPostProcessors (for example: not eligible for auto-proxying)
2025-03-14 10:27:15.112  INFO 2144 --- [restartedMain] .w.s.a.s.AnnotationActionEndpointMapping : Supporting [WS-Addressing August 2004, WS-Addressing 1.0]
2025-03-14 10:27:15.526  INFO 2144 --- [restartedMain] o.s.b.w.embedded.tomcat.TomcatWebServer  : Tomcat initialized with port(s): 8000 (http)
2025-03-14 10:27:15.539  INFO 2144 --- [restartedMain] o.apache.catalina.core.StandardService   : Starting service [Tomcat]
2025-03-14 10:27:15.540  INFO 2144 --- [restartedMain] org.apache.catalina.core.StandardEngine  : Starting Servlet engine: [Apache Tomcat/9.0.73]
2025-03-14 10:27:15.633  INFO 2144 --- [restartedMain] o.a.c.c.C.[Tomcat].[localhost].[/]       : Initializing Spring embedded WebApplicationContext
2025-03-14 10:27:15.634  INFO 2144 --- [restartedMain] w.s.c.ServletWebServerApplicationContext : Root WebApplicationContext: initialization completed in 1674 ms
2025-03-14 10:27:16.282  INFO 2144 --- [restartedMain] o.s.ws.soap.saaj.SaajSoapMessageFactory  : Creating SAAJ 1.3 MessageFactory with SOAP 1.1 Protocol
2025-03-14 10:27:16.356  WARN 2144 --- [restartedMain] .s.s.UserDetailsServiceAutoConfiguration : 

Using generated security password: b4f07432-6038-4beb-8ba1-bcf27190eac8

This generated password is for development use only. Your security configuration must be updated before running your application in production.

2025-03-14 10:27:16.453  INFO 2144 --- [restartedMain] o.s.s.web.DefaultSecurityFilterChain     : Will secure any request with [org.springframework.security.web.session.DisableEncodeUrlFilter@4753acb, org.springframework.security.web.context.request.async.WebAsyncManagerIntegrationFilter@15635d93, org.springframework.security.web.context.SecurityContextPersistenceFilter@71b9c395, org.springframework.security.web.header.HeaderWriterFilter@f9d1838, org.springframework.web.filter.CorsFilter@62f6519f, org.springframework.security.web.authentication.logout.LogoutFilter@91627c5, org.springframework.security.web.savedrequest.RequestCacheAwareFilter@541df5fb, org.springframework.security.web.servletapi.SecurityContextHolderAwareRequestFilter@77dc442c, org.springframework.security.web.authentication.AnonymousAuthenticationFilter@2d6032c3, org.springframework.security.web.session.SessionManagementFilter@159f9b30, org.springframework.security.web.access.ExceptionTranslationFilter@726fff8, org.springframework.security.web.access.intercept.FilterSecurityInterceptor@5c84dad0]
2025-03-14 10:27:16.846  INFO 2144 --- [restartedMain] o.s.b.d.a.OptionalLiveReloadServer       : LiveReload server is running on port 35729
2025-03-14 10:27:16.881  INFO 2144 --- [restartedMain] o.s.b.w.embedded.tomcat.TomcatWebServer  : Tomcat started on port(s): 8000 (http) with context path ''
2025-03-14 10:27:16.891  INFO 2144 --- [restartedMain] com.demo.DemoApplication                 : Started DemoApplication in 3.309 seconds (JVM running for 3.619)
2025-03-14 10:28:15.210  INFO 2144 --- [http-nio-8000-exec-1] o.a.c.c.C.[Tomcat].[localhost].[/]       : Initializing Spring DispatcherServlet 'dispatcherServlet'
2025-03-14 10:28:15.211  INFO 2144 --- [http-nio-8000-exec-1] o.s.web.servlet.DispatcherServlet        : Initializing Servlet 'dispatcherServlet'
2025-03-14 10:28:15.213  INFO 2144 --- [http-nio-8000-exec-1] o.s.web.servlet.DispatcherServlet        : Completed initialization in 1 ms
2025-03-14 10:28:15.376  WARN 2144 --- [http-nio-8000-exec-1] .m.m.a.ExceptionHandlerExceptionResolver : Resolved [org.springframework.web.bind.MethodArgumentNotValidException: Validation failed for argument [0] in public org.springframework.http.ResponseEntity<com.demo.response.ServiceResponse> com.demo.controller.Controller.sendSale(com.demo.request.SaleRequest) throws java.lang.Exception: [Field error in object 'saleRequest' on field 'notes': rejected value [ssssssssssssssssssssssssssssssssssssssssssssssss]; codes [Size.saleRequest.notes,Size.notes,Size.java.lang.String,Size]; arguments [org.springframework.context.support.DefaultMessageSourceResolvable: codes [saleRequest.notes,notes]; arguments []; default message [notes],30,5]; default message [El campo 'notes' debe tener entre 5 y 30 caracteres.]] ]
2025-03-14 10:29:44.453  INFO 6696 --- [restartedMain] com.demo.DemoApplication                 : Starting DemoApplication using Java 17.0.12 on Ange-Euge with PID 6696 (C:\Users\angel\OneDrive\Desktop\demo\target\classes started by angel in C:\Users\angel\OneDrive\Desktop\demo)
2025-03-14 10:29:44.455  INFO 6696 --- [restartedMain] com.demo.DemoApplication                 : The following 1 profile is active: "dev"
2025-03-14 10:29:44.509  INFO 6696 --- [restartedMain] .e.DevToolsPropertyDefaultsPostProcessor : Devtools property defaults active! Set 'spring.devtools.add-properties' to 'false' to disable
2025-03-14 10:29:44.510  INFO 6696 --- [restartedMain] .e.DevToolsPropertyDefaultsPostProcessor : For additional web related logging consider setting the 'logging.level.web' property to 'DEBUG'
2025-03-14 10:29:45.374  INFO 6696 --- [restartedMain] trationDelegate$BeanPostProcessorChecker : Bean 'org.springframework.ws.config.annotation.DelegatingWsConfiguration' of type [org.springframework.ws.config.annotation.DelegatingWsConfiguration$$EnhancerBySpringCGLIB$$58f5e61] is not eligible for getting processed by all BeanPostProcessors (for example: not eligible for auto-proxying)
2025-03-14 10:29:45.491  INFO 6696 --- [restartedMain] .w.s.a.s.AnnotationActionEndpointMapping : Supporting [WS-Addressing August 2004, WS-Addressing 1.0]
2025-03-14 10:29:45.815  INFO 6696 --- [restartedMain] o.s.b.w.embedded.tomcat.TomcatWebServer  : Tomcat initialized with port(s): 8000 (http)
2025-03-14 10:29:45.832  INFO 6696 --- [restartedMain] o.apache.catalina.core.StandardService   : Starting service [Tomcat]
2025-03-14 10:29:45.832  INFO 6696 --- [restartedMain] org.apache.catalina.core.StandardEngine  : Starting Servlet engine: [Apache Tomcat/9.0.73]
2025-03-14 10:29:45.901  INFO 6696 --- [restartedMain] o.a.c.c.C.[Tomcat].[localhost].[/]       : Initializing Spring embedded WebApplicationContext
2025-03-14 10:29:45.901  INFO 6696 --- [restartedMain] w.s.c.ServletWebServerApplicationContext : Root WebApplicationContext: initialization completed in 1391 ms
2025-03-14 10:29:46.338  INFO 6696 --- [restartedMain] o.s.ws.soap.saaj.SaajSoapMessageFactory  : Creating SAAJ 1.3 MessageFactory with SOAP 1.1 Protocol
2025-03-14 10:29:46.399  WARN 6696 --- [restartedMain] .s.s.UserDetailsServiceAutoConfiguration : 

Using generated security password: 43340471-ba7b-456b-ad37-3f76c0daa087

This generated password is for development use only. Your security configuration must be updated before running your application in production.

2025-03-14 10:29:46.480  INFO 6696 --- [restartedMain] o.s.s.web.DefaultSecurityFilterChain     : Will secure any request with [org.springframework.security.web.session.DisableEncodeUrlFilter@54e4511d, org.springframework.security.web.context.request.async.WebAsyncManagerIntegrationFilter@233015b5, org.springframework.security.web.context.SecurityContextPersistenceFilter@3a03c81e, org.springframework.security.web.header.HeaderWriterFilter@5a1afbf6, org.springframework.web.filter.CorsFilter@745ef32b, org.springframework.security.web.authentication.logout.LogoutFilter@541df5fb, org.springframework.security.web.savedrequest.RequestCacheAwareFilter@1cbf4083, org.springframework.security.web.servletapi.SecurityContextHolderAwareRequestFilter@4aa9248b, org.springframework.security.web.authentication.AnonymousAuthenticationFilter@6f7a4284, org.springframework.security.web.session.SessionManagementFilter@2d7dbe5b, org.springframework.security.web.access.ExceptionTranslationFilter@7b2f729d, org.springframework.security.web.access.intercept.FilterSecurityInterceptor@5ce80fd4]
2025-03-14 10:29:46.783  INFO 6696 --- [restartedMain] o.s.b.d.a.OptionalLiveReloadServer       : LiveReload server is running on port 35729
2025-03-14 10:29:46.821  INFO 6696 --- [restartedMain] o.s.b.w.embedded.tomcat.TomcatWebServer  : Tomcat started on port(s): 8000 (http) with context path ''
2025-03-14 10:29:46.833  INFO 6696 --- [restartedMain] com.demo.DemoApplication                 : Started DemoApplication in 2.743 seconds (JVM running for 3.187)
2025-03-14 10:29:49.863  INFO 6696 --- [http-nio-8000-exec-2] o.a.c.c.C.[Tomcat].[localhost].[/]       : Initializing Spring DispatcherServlet 'dispatcherServlet'
2025-03-14 10:29:49.863  INFO 6696 --- [http-nio-8000-exec-2] o.s.web.servlet.DispatcherServlet        : Initializing Servlet 'dispatcherServlet'
2025-03-14 10:29:49.864  INFO 6696 --- [http-nio-8000-exec-2] o.s.web.servlet.DispatcherServlet        : Completed initialization in 0 ms
2025-03-14 10:29:49.979  WARN 6696 --- [http-nio-8000-exec-2] .m.m.a.ExceptionHandlerExceptionResolver : Resolved [org.springframework.web.bind.MethodArgumentNotValidException: Validation failed for argument [0] in public org.springframework.http.ResponseEntity<com.demo.response.ServiceResponse> com.demo.controller.Controller.sendSale(com.demo.request.SaleRequest) throws java.lang.Exception: [Field error in object 'saleRequest' on field 'notes': rejected value [ssssssssssssssssssssssssssssssssssssssssssssssss]; codes [Size.saleRequest.notes,Size.notes,Size.java.lang.String,Size]; arguments [org.springframework.context.support.DefaultMessageSourceResolvable: codes [saleRequest.notes,notes]; arguments []; default message [notes],30,5]; default message [El campo 'notes' debe tener entre 5 y 30 caracteres.]] ]
2025-03-14 10:29:51.282  WARN 6696 --- [http-nio-8000-exec-5] .m.m.a.ExceptionHandlerExceptionResolver : Resolved [org.springframework.web.bind.MethodArgumentNotValidException: Validation failed for argument [0] in public org.springframework.http.ResponseEntity<com.demo.response.ServiceResponse> com.demo.controller.Controller.sendSale(com.demo.request.SaleRequest) throws java.lang.Exception: [Field error in object 'saleRequest' on field 'notes': rejected value [ssssssssssssssssssssssssssssssssssssssssssssssss]; codes [Size.saleRequest.notes,Size.notes,Size.java.lang.String,Size]; arguments [org.springframework.context.support.DefaultMessageSourceResolvable: codes [saleRequest.notes,notes]; arguments []; default message [notes],30,5]; default message [El campo 'notes' debe tener entre 5 y 30 caracteres.]] ]
2025-03-14 10:29:52.243  WARN 6696 --- [http-nio-8000-exec-10] .m.m.a.ExceptionHandlerExceptionResolver : Resolved [org.springframework.web.bind.MethodArgumentNotValidException: Validation failed for argument [0] in public org.springframework.http.ResponseEntity<com.demo.response.ServiceResponse> com.demo.controller.Controller.sendSale(com.demo.request.SaleRequest) throws java.lang.Exception: [Field error in object 'saleRequest' on field 'notes': rejected value [ssssssssssssssssssssssssssssssssssssssssssssssss]; codes [Size.saleRequest.notes,Size.notes,Size.java.lang.String,Size]; arguments [org.springframework.context.support.DefaultMessageSourceResolvable: codes [saleRequest.notes,notes]; arguments []; default message [notes],30,5]; default message [El campo 'notes' debe tener entre 5 y 30 caracteres.]] ]
2025-03-14 10:30:05.740  INFO 6696 --- [File Watcher] rtingClassPathChangeChangedEventListener : Restarting due to 530 class path changes (0 additions, 530 deletions, 0 modifications)
2025-03-14 10:30:05.755  INFO 6696 --- [Thread-5] o.apache.catalina.core.StandardService   : Stopping service [Tomcat]
2025-03-14 10:30:05.757  INFO 6696 --- [Thread-5] o.a.c.c.C.[Tomcat].[localhost].[/]       : Destroying Spring FrameworkServlet 'dispatcherServlet'
